Base path: E:/Programas/Unity2/Editor/Data
Pipe name: \\.\pipe\UnityShaderCompiler-64bit-1-5716
Cmd: getPlatforms
Cmd: preprocess
  error: 2 plat 18 at (34): Syntax error
  insize=1183 outsize=528 ok=0
Cmd: preprocess
  insize=1184 outsize=1706 ok=1
Cmd: compileSnippet
  api=4 type=0 insize=7773 outsize=3914 kw=DIRECTIONAL SHADOWS_OFF LIGHTMAP_OFF DIRLIGHTMAP_OFF DYNAMICLIGHTMAP_OFF pd= ok=1
Cmd: compileSnippet
  api=4 type=1 insize=7773 outsize=1891 kw=DIRECTIONAL SHADOWS_OFF LIGHTMAP_OFF DIRLIGHTMAP_OFF DYNAMICLIGHTMAP_OFF pd= ok=1
Cmd: compileSnippet
  api=4 type=0 insize=4495 outsize=3004 kw=POINT pd= ok=1
Cmd: compileSnippet
  api=4 type=1 insize=4495 outsize=2525 kw=POINT pd= ok=1
Cmd: compileSnippet
  api=4 type=0 insize=3397 outsize=2533 kw= pd= ok=1
Cmd: compileSnippet
  api=4 type=1 insize=3397 outsize=697 kw= pd= ok=1
Cmd: compileSnippet
  api=4 type=0 insize=6763 outsize=4329 kw=LIGHTMAP_OFF DIRLIGHTMAP_OFF DYNAMICLIGHTMAP_OFF HDR_LIGHT_PREPASS_OFF pd= ok=1
Cmd: compileSnippet
  api=4 type=1 insize=6763 outsize=1940 kw=LIGHTMAP_OFF DIRLIGHTMAP_OFF DYNAMICLIGHTMAP_OFF HDR_LIGHT_PREPASS_OFF pd= ok=1
Cmd: compileSnippet
  api=4 type=0 insize=6826 outsize=4053 kw=LIGHTMAP_OFF DIRLIGHTMAP_OFF DYNAMICLIGHTMAP_OFF HDR_LIGHT_PREPASS_OFF pd= ok=1
Cmd: compileSnippet
  api=4 type=1 insize=6826 outsize=2224 kw=LIGHTMAP_OFF DIRLIGHTMAP_OFF DYNAMICLIGHTMAP_OFF HDR_LIGHT_PREPASS_OFF pd= ok=1
Cmd: compileSnippet
  api=4 type=0 insize=3893 outsize=2736 kw= pd= ok=1
Cmd: compileSnippet
  api=4 type=1 insize=3893 outsize=1891 kw= pd= ok=1
Cmd: compileSnippet
  api=4 type=0 insize=7773 outsize=4304 kw=DIRECTIONAL SHADOWS_SCREEN LIGHTMAP_OFF DIRLIGHTMAP_OFF DYNAMICLIGHTMAP_OFF pd= ok=1
Cmd: compileSnippet
  api=4 type=1 insize=7773 outsize=2208 kw=DIRECTIONAL SHADOWS_SCREEN LIGHTMAP_OFF DIRLIGHTMAP_OFF DYNAMICLIGHTMAP_OFF pd= ok=1
Cmd: compileSnippet
  api=4 type=0 insize=4495 outsize=3004 kw=DIRECTIONAL pd= ok=1
Cmd: compileSnippet
  api=4 type=1 insize=4495 outsize=1745 kw=DIRECTIONAL pd= ok=1
Cmd: preprocess
  insize=1189 outsize=1711 ok=1
Cmd: preprocess
  insize=1184 outsize=1706 ok=1
Cmd: preprocess
  insize=1184 outsize=1705 ok=1
Cmd: compileSnippet
  api=4 type=0 insize=7773 outsize=3914 kw=DIRECTIONAL SHADOWS_OFF LIGHTMAP_OFF DIRLIGHTMAP_OFF DYNAMICLIGHTMAP_OFF pd= ok=1
Cmd: compileSnippet
  api=4 type=1 insize=7773 outsize=1891 kw=DIRECTIONAL SHADOWS_OFF LIGHTMAP_OFF DIRLIGHTMAP_OFF DYNAMICLIGHTMAP_OFF pd= ok=1
Cmd: compileSnippet
  api=4 type=0 insize=4495 outsize=3004 kw=POINT pd= ok=1
Cmd: compileSnippet
  api=4 type=1 insize=4495 outsize=2525 kw=POINT pd= ok=1
Cmd: compileSnippet
  api=4 type=0 insize=3397 outsize=2533 kw= pd= ok=1
Cmd: compileSnippet
  api=4 type=1 insize=3397 outsize=697 kw= pd= ok=1
Cmd: compileSnippet
  api=4 type=0 insize=6763 outsize=4329 kw=LIGHTMAP_OFF DIRLIGHTMAP_OFF DYNAMICLIGHTMAP_OFF HDR_LIGHT_PREPASS_OFF pd= ok=1
Cmd: compileSnippet
  api=4 type=1 insize=6763 outsize=1940 kw=LIGHTMAP_OFF DIRLIGHTMAP_OFF DYNAMICLIGHTMAP_OFF HDR_LIGHT_PREPASS_OFF pd= ok=1
Cmd: compileSnippet
  api=4 type=0 insize=6826 outsize=4053 kw=LIGHTMAP_OFF DIRLIGHTMAP_OFF DYNAMICLIGHTMAP_OFF HDR_LIGHT_PREPASS_OFF pd= ok=1
Cmd: compileSnippet
  api=4 type=1 insize=6826 outsize=2224 kw=LIGHTMAP_OFF DIRLIGHTMAP_OFF DYNAMICLIGHTMAP_OFF HDR_LIGHT_PREPASS_OFF pd= ok=1
Cmd: compileSnippet
  api=4 type=0 insize=3893 outsize=2736 kw= pd= ok=1
Cmd: compileSnippet
  api=4 type=1 insize=3893 outsize=1891 kw= pd= ok=1
Cmd: compileSnippet
  api=4 type=0 insize=7773 outsize=4304 kw=DIRECTIONAL SHADOWS_SCREEN LIGHTMAP_OFF DIRLIGHTMAP_OFF DYNAMICLIGHTMAP_OFF pd= ok=1
Cmd: compileSnippet
  api=4 type=1 insize=7773 outsize=2208 kw=DIRECTIONAL SHADOWS_SCREEN LIGHTMAP_OFF DIRLIGHTMAP_OFF DYNAMICLIGHTMAP_OFF pd= ok=1
Cmd: compileSnippet
  api=4 type=0 insize=4495 outsize=3004 kw=DIRECTIONAL pd= ok=1
Cmd: compileSnippet
  api=4 type=1 insize=4495 outsize=1745 kw=DIRECTIONAL pd= ok=1
Cmd: preprocess
  insize=1183 outsize=1706 ok=1
Cmd: compileSnippet
  error: 2 plat 4 at (34): syntax error: unexpected token 'f'\nCompiling Vertex program with DIRECTIONAL SHADOWS_OFF LIGHTMAP_OFF DIRLIGHTMAP_OFF DYNAMICLIGHTMAP_OFF
  api=4 type=0 insize=7772 outsize=0 kw=DIRECTIONAL SHADOWS_OFF LIGHTMAP_OFF DIRLIGHTMAP_OFF DYNAMICLIGHTMAP_OFF pd= ok=0
Cmd: preprocess
  insize=1182 outsize=1706 ok=1
Cmd: compileSnippet
  api=4 type=0 insize=7771 outsize=3914 kw=DIRECTIONAL SHADOWS_OFF LIGHTMAP_OFF DIRLIGHTMAP_OFF DYNAMICLIGHTMAP_OFF pd= ok=1
Cmd: compileSnippet
  api=4 type=1 insize=7771 outsize=1891 kw=DIRECTIONAL SHADOWS_OFF LIGHTMAP_OFF DIRLIGHTMAP_OFF DYNAMICLIGHTMAP_OFF pd= ok=1
Cmd: compileSnippet
  api=4 type=0 insize=4493 outsize=3004 kw=POINT pd= ok=1
Cmd: compileSnippet
  api=4 type=1 insize=4493 outsize=2525 kw=POINT pd= ok=1
Cmd: compileSnippet
  api=4 type=0 insize=3395 outsize=2533 kw= pd= ok=1
Cmd: compileSnippet
  api=4 type=1 insize=3395 outsize=697 kw= pd= ok=1
Cmd: compileSnippet
  api=4 type=0 insize=6761 outsize=4329 kw=LIGHTMAP_OFF DIRLIGHTMAP_OFF DYNAMICLIGHTMAP_OFF HDR_LIGHT_PREPASS_OFF pd= ok=1
Cmd: compileSnippet
  api=4 type=1 insize=6761 outsize=1940 kw=LIGHTMAP_OFF DIRLIGHTMAP_OFF DYNAMICLIGHTMAP_OFF HDR_LIGHT_PREPASS_OFF pd= ok=1
Cmd: compileSnippet
  api=4 type=0 insize=6824 outsize=4053 kw=LIGHTMAP_OFF DIRLIGHTMAP_OFF DYNAMICLIGHTMAP_OFF HDR_LIGHT_PREPASS_OFF pd= ok=1
Cmd: compileSnippet
  api=4 type=1 insize=6824 outsize=2224 kw=LIGHTMAP_OFF DIRLIGHTMAP_OFF DYNAMICLIGHTMAP_OFF HDR_LIGHT_PREPASS_OFF pd= ok=1
Cmd: compileSnippet
  api=4 type=0 insize=3891 outsize=2736 kw= pd= ok=1
Cmd: compileSnippet
  api=4 type=1 insize=3891 outsize=1891 kw= pd= ok=1
Cmd: compileSnippet
  api=4 type=0 insize=7771 outsize=4304 kw=DIRECTIONAL SHADOWS_SCREEN LIGHTMAP_OFF DIRLIGHTMAP_OFF DYNAMICLIGHTMAP_OFF pd= ok=1
Cmd: compileSnippet
  api=4 type=1 insize=7771 outsize=2208 kw=DIRECTIONAL SHADOWS_SCREEN LIGHTMAP_OFF DIRLIGHTMAP_OFF DYNAMICLIGHTMAP_OFF pd= ok=1
Cmd: compileSnippet
  api=4 type=0 insize=4493 outsize=3004 kw=DIRECTIONAL pd= ok=1
Cmd: compileSnippet
  api=4 type=1 insize=4493 outsize=1745 kw=DIRECTIONAL pd= ok=1
Cmd: preprocess
  insize=1187 outsize=1711 ok=1
Cmd: preprocess
  insize=1184 outsize=1706 ok=1
Cmd: preprocess
  insize=1229 outsize=1751 ok=1
Cmd: preprocess
  insize=1227 outsize=1751 ok=1
Cmd: preprocess
  insize=1239 outsize=1763 ok=1
Cmd: preprocess
  insize=1231 outsize=1755 ok=1
Cmd: preprocess
  insize=1237 outsize=1263 ok=1
Cmd: compileSnippet
  api=4 type=0 insize=7692 outsize=3914 kw=DIRECTIONAL LIGHTMAP_OFF DIRLIGHTMAP_OFF DYNAMICLIGHTMAP_OFF pd= ok=1
Cmd: compileSnippet
  api=4 type=1 insize=7692 outsize=1891 kw=DIRECTIONAL LIGHTMAP_OFF DIRLIGHTMAP_OFF DYNAMICLIGHTMAP_OFF pd= ok=1
Cmd: compileSnippet
  api=4 type=0 insize=4415 outsize=3004 kw=POINT pd= ok=1
Cmd: compileSnippet
  api=4 type=1 insize=4415 outsize=2525 kw=POINT pd= ok=1
Cmd: compileSnippet
  api=4 type=0 insize=3906 outsize=2736 kw= pd= ok=1
Cmd: compileSnippet
  api=4 type=1 insize=3906 outsize=1891 kw= pd= ok=1
Cmd: compileSnippet
  api=4 type=0 insize=4415 outsize=3004 kw=DIRECTIONAL pd= ok=1
Cmd: compileSnippet
  api=4 type=1 insize=4415 outsize=1745 kw=DIRECTIONAL pd= ok=1
Cmd: preprocess
  insize=1281 outsize=1264 ok=1
Cmd: compileSnippet
  api=4 type=0 insize=7736 outsize=3914 kw=DIRECTIONAL LIGHTMAP_OFF DIRLIGHTMAP_OFF DYNAMICLIGHTMAP_OFF pd= ok=1
Cmd: compileSnippet
  api=4 type=1 insize=7736 outsize=1891 kw=DIRECTIONAL LIGHTMAP_OFF DIRLIGHTMAP_OFF DYNAMICLIGHTMAP_OFF pd= ok=1
Cmd: compileSnippet
  api=4 type=0 insize=4459 outsize=3004 kw=POINT pd= ok=1
Cmd: compileSnippet
  api=4 type=1 insize=4459 outsize=2525 kw=POINT pd= ok=1
Cmd: compileSnippet
  api=4 type=0 insize=3950 outsize=2736 kw= pd= ok=1
Cmd: compileSnippet
  api=4 type=1 insize=3950 outsize=1891 kw= pd= ok=1
Cmd: compileSnippet
  api=4 type=0 insize=4459 outsize=3004 kw=DIRECTIONAL pd= ok=1
Cmd: compileSnippet
  api=4 type=1 insize=4459 outsize=1745 kw=DIRECTIONAL pd= ok=1
Cmd: preprocess
  insize=1277 outsize=1260 ok=1
Cmd: preprocess
  insize=1296 outsize=1280 ok=1
Cmd: compileSnippet
  api=4 type=0 insize=7736 outsize=3914 kw=DIRECTIONAL LIGHTMAP_OFF DIRLIGHTMAP_OFF DYNAMICLIGHTMAP_OFF pd= ok=1
Cmd: compileSnippet
  api=4 type=1 insize=7736 outsize=1891 kw=DIRECTIONAL LIGHTMAP_OFF DIRLIGHTMAP_OFF DYNAMICLIGHTMAP_OFF pd= ok=1
Cmd: compileSnippet
  api=4 type=0 insize=4459 outsize=3004 kw=POINT pd= ok=1
Cmd: compileSnippet
  api=4 type=1 insize=4459 outsize=2525 kw=POINT pd= ok=1
Cmd: compileSnippet
  api=4 type=0 insize=3950 outsize=2736 kw= pd= ok=1
Cmd: compileSnippet
  api=4 type=1 insize=3950 outsize=1891 kw= pd= ok=1
Cmd: compileSnippet
  api=4 type=0 insize=4459 outsize=3004 kw=DIRECTIONAL pd= ok=1
Cmd: compileSnippet
  api=4 type=1 insize=4459 outsize=1745 kw=DIRECTIONAL pd= ok=1
Cmd: preprocess
  insize=1321 outsize=1305 ok=1
Cmd: preprocess
  insize=1466 outsize=1448 ok=1
Cmd: compileSnippet
  api=4 type=0 insize=7736 outsize=3914 kw=DIRECTIONAL LIGHTMAP_OFF DIRLIGHTMAP_OFF DYNAMICLIGHTMAP_OFF pd= ok=1
Cmd: compileSnippet
  api=4 type=1 insize=7736 outsize=1891 kw=DIRECTIONAL LIGHTMAP_OFF DIRLIGHTMAP_OFF DYNAMICLIGHTMAP_OFF pd= ok=1
Cmd: compileSnippet
  api=4 type=0 insize=4459 outsize=3004 kw=POINT pd= ok=1
Cmd: compileSnippet
  api=4 type=1 insize=4459 outsize=2525 kw=POINT pd= ok=1
Cmd: compileSnippet
  api=4 type=0 insize=3950 outsize=2736 kw= pd= ok=1
Cmd: compileSnippet
  api=4 type=1 insize=3950 outsize=1891 kw= pd= ok=1
Cmd: compileSnippet
  api=4 type=0 insize=1444 outsize=1217 kw= pd= ok=1
Cmd: compileSnippet
  api=4 type=1 insize=1444 outsize=673 kw= pd= ok=1
Cmd: compileSnippet
  api=4 type=0 insize=4459 outsize=3004 kw=DIRECTIONAL pd= ok=1
Cmd: compileSnippet
  api=4 type=1 insize=4459 outsize=1745 kw=DIRECTIONAL pd= ok=1
Cmd: preprocess
  insize=1363 outsize=1344 ok=1
Cmd: compileSnippet
  api=4 type=0 insize=7736 outsize=3914 kw=DIRECTIONAL LIGHTMAP_OFF DIRLIGHTMAP_OFF DYNAMICLIGHTMAP_OFF pd= ok=1
Cmd: compileSnippet
  api=4 type=1 insize=7736 outsize=1891 kw=DIRECTIONAL LIGHTMAP_OFF DIRLIGHTMAP_OFF DYNAMICLIGHTMAP_OFF pd= ok=1
Cmd: compileSnippet
  api=4 type=0 insize=4459 outsize=3004 kw=POINT pd= ok=1
Cmd: compileSnippet
  api=4 type=1 insize=4459 outsize=2525 kw=POINT pd= ok=1
Cmd: compileSnippet
  api=4 type=0 insize=3950 outsize=2736 kw= pd= ok=1
Cmd: compileSnippet
  api=4 type=1 insize=3950 outsize=1891 kw= pd= ok=1
Cmd: compileSnippet
  api=4 type=0 insize=4459 outsize=3004 kw=DIRECTIONAL pd= ok=1
Cmd: compileSnippet
  api=4 type=1 insize=4459 outsize=1745 kw=DIRECTIONAL pd= ok=1
Cmd: preprocess
  insize=1279 outsize=1262 ok=1
Cmd: preprocess
  insize=1283 outsize=1266 ok=1
Cmd: preprocess
  insize=1281 outsize=1264 ok=1
Cmd: preprocess
  insize=1293 outsize=1789 ok=1
Cmd: compileSnippet
  api=4 type=0 insize=7866 outsize=3914 kw=DIRECTIONAL SHADOWS_OFF LIGHTMAP_OFF DIRLIGHTMAP_OFF DYNAMICLIGHTMAP_OFF pd= ok=1
Cmd: compileSnippet
  api=4 type=1 insize=7866 outsize=2046 kw=DIRECTIONAL SHADOWS_OFF LIGHTMAP_OFF DIRLIGHTMAP_OFF DYNAMICLIGHTMAP_OFF pd= ok=1
Cmd: compileSnippet
  api=4 type=0 insize=4575 outsize=3004 kw=POINT pd= ok=1
Cmd: compileSnippet
  api=4 type=1 insize=4575 outsize=2679 kw=POINT pd= ok=1
Cmd: compileSnippet
  api=4 type=0 insize=3990 outsize=3004 kw= pd= ok=1
Cmd: compileSnippet
  api=4 type=1 insize=3990 outsize=1745 kw= pd= ok=1
Cmd: compileSnippet
  api=4 type=0 insize=6856 outsize=4329 kw=LIGHTMAP_OFF DIRLIGHTMAP_OFF DYNAMICLIGHTMAP_OFF HDR_LIGHT_PREPASS_OFF pd= ok=1
Cmd: compileSnippet
  api=4 type=1 insize=6856 outsize=2094 kw=LIGHTMAP_OFF DIRLIGHTMAP_OFF DYNAMICLIGHTMAP_OFF HDR_LIGHT_PREPASS_OFF pd= ok=1
Cmd: compileSnippet
  api=4 type=0 insize=6910 outsize=4053 kw=LIGHTMAP_OFF DIRLIGHTMAP_OFF DYNAMICLIGHTMAP_OFF HDR_LIGHT_PREPASS_OFF pd= ok=1
Cmd: compileSnippet
  api=4 type=1 insize=6910 outsize=2379 kw=LIGHTMAP_OFF DIRLIGHTMAP_OFF DYNAMICLIGHTMAP_OFF HDR_LIGHT_PREPASS_OFF pd= ok=1
Cmd: compileSnippet
  api=4 type=0 insize=4013 outsize=2736 kw= pd= ok=1
Cmd: compileSnippet
  api=4 type=1 insize=4013 outsize=2046 kw= pd= ok=1
Cmd: compileSnippet
  api=4 type=0 insize=7866 outsize=4304 kw=DIRECTIONAL SHADOWS_SCREEN LIGHTMAP_OFF DIRLIGHTMAP_OFF DYNAMICLIGHTMAP_OFF pd= ok=1
Cmd: compileSnippet
  api=4 type=1 insize=7866 outsize=2363 kw=DIRECTIONAL SHADOWS_SCREEN LIGHTMAP_OFF DIRLIGHTMAP_OFF DYNAMICLIGHTMAP_OFF pd= ok=1
Cmd: compileSnippet
  api=4 type=0 insize=4575 outsize=3004 kw=DIRECTIONAL pd= ok=1
Cmd: compileSnippet
  api=4 type=1 insize=4575 outsize=1899 kw=DIRECTIONAL pd= ok=1
Cmd: preprocess
  insize=1281 outsize=1264 ok=1
Cmd: preprocess
  insize=1306 outsize=1289 ok=1
Cmd: preprocess
  insize=1302 outsize=1285 ok=1
Cmd: compileSnippet
  api=4 type=0 insize=1001 outsize=1087 kw= pd= ok=1
Cmd: compileSnippet
  api=4 type=1 insize=1001 outsize=859 kw= pd= ok=1
Cmd: compileSnippet
  api=4 type=0 insize=797 outsize=3776 kw=SHADOWS_DEPTH pd= ok=1
Cmd: compileSnippet
  api=4 type=1 insize=797 outsize=908 kw=SHADOWS_DEPTH pd= ok=1
Cmd: compileSnippet
  api=4 type=0 insize=6947 outsize=4053 kw=DIRECTIONAL SHADOWS_SCREEN LIGHTMAP_OFF DIRLIGHTMAP_OFF DYNAMICLIGHTMAP_OFF pd= ok=1
Cmd: compileSnippet
  api=4 type=1 insize=6947 outsize=1810 kw=DIRECTIONAL SHADOWS_SCREEN LIGHTMAP_OFF DIRLIGHTMAP_OFF DYNAMICLIGHTMAP_OFF pd= ok=1
Cmd: compileSnippet
  api=4 type=0 insize=6947 outsize=3663 kw=DIRECTIONAL SHADOWS_OFF LIGHTMAP_OFF DIRLIGHTMAP_OFF DYNAMICLIGHTMAP_OFF pd= ok=1
Cmd: compileSnippet
  api=4 type=1 insize=6947 outsize=1493 kw=DIRECTIONAL SHADOWS_OFF LIGHTMAP_OFF DIRLIGHTMAP_OFF DYNAMICLIGHTMAP_OFF pd= ok=1
Cmd: compileSnippet
  api=4 type=0 insize=3705 outsize=2753 kw=DIRECTIONAL pd= ok=1
Cmd: compileSnippet
  api=4 type=1 insize=3705 outsize=1347 kw=DIRECTIONAL pd= ok=1
